#
# There is insufficient memory for the Java Runtime Environment to continue.
# Native memory allocation (malloc) failed to allocate 1048576 bytes for AllocateHeap
# Possible reasons:
#   The system is out of physical RAM or swap space
#   The process is running with CompressedOops enabled, and the Java Heap may be blocking the growth of the native heap
# Possible solutions:
#   Reduce memory load on the system
#   Increase physical memory or swap space
#   Check if swap backing store is full
#   Decrease Java heap size (-Xmx/-Xms)
#   Decrease number of Java threads
#   Decrease Java thread stack sizes (-Xss)
#   Set larger code cache with -XX:ReservedCodeCacheSize=
#   JVM is running with Unscaled Compressed Oops mode in which the Java heap is
#     placed in the first 4GB address space. The Java Heap base address is the
#     maximum limit for the native heap growth. Please use -XX:HeapBaseMinAddress
#     to set the Java Heap base and to place the Java Heap above 4GB virtual address.
# This output file may be truncated or incomplete.
#
#  Out of Memory Error (allocation.cpp:44), pid=9408, tid=4864
#
# JRE version:  (16.0.1+9) (build )
# Java VM: Java HotSpot(TM) 64-Bit Server VM (16.0.1+9-24, mixed mode, sharing, tiered, compressed oops, compressed class ptrs, g1 gc, windows-amd64)
# No core dump will be written. Minidumps are not enabled by default on client versions of Windows
#

---------------  S U M M A R Y ------------

Command Line: -javaagent:C:\Program Files\JetBrains\IntelliJ IDEA Community Edition 2020.3.2\lib\idea_rt.jar=55746:C:\Program Files\JetBrains\IntelliJ IDEA Community Edition 2020.3.2\bin -Dfile.encoding=UTF-8 Playlist.Main

Host: Intel(R) Core(TM) i5-8250U CPU @ 1.60GHz, 8 cores, 7G,  Windows 10 , 64 bit Build 19041 (10.0.19041.928)
Time: Sat Jun 12 17:38:40 2021 Közép-európai nyári iduild 19041 (10.0.19041.928) elapsed time: 0.019428 seconds (0d 0h 0m 0s)

---------------  T H R E A D  ---------------

Current thread (0x000001e38aecbad0):  JavaThread "Unknown thread" [_thread_in_vm, id=4864, stack(0x0000007f13200000,0x0000007f13300000)]

Stack: [0x0000007f13200000,0x0000007f13300000]
Native frames: (J=compiled Java code, j=interpreted, Vv=VM code, C=native code)
V  [jvm.dll+0x6687ca]
V  [jvm.dll+0x7ca3c9]
V  [jvm.dll+0x7cbb53]
V  [jvm.dll+0x7cc1b3]
V  [jvm.dll+0x242ea5]
V  [jvm.dll+0xa8742]
V  [jvm.dll+0x2dccc4]
V  [jvm.dll+0x2d482b]
V  [jvm.dll+0x79ccb1]
V  [jvm.dll+0x360de1]
V  [jvm.dll+0x77a990]
V  [jvm.dll+0x3e55af]
V  [jvm.dll+0x3e7081]
C  [jli.dll+0x52fb]
C  [ucrtbase.dll+0x21bb2]
C  [KERNEL32.DLL+0x17034]
C  [ntdll.dll+0x52651]


---------------  P R O C E S S  ---------------

Threads class SMR info:
_java_thread_list=0x00007ffe5c50cbb8, length=0, elements={
}

Java Threads: ( => current thread )

Other Threads:
  0x000001e38af0b1f0 GCTaskThread "GC Thread#0" [stack: 0x0000007f13300000,0x0000007f13400000] [id=1660]

[error occurred during error reporting (printing all threads), id 0xc0000005, EXCEPTION_ACCESS_VIOLATION (0xc0000005) at pc=0x00007ffe5bce19b0]

VM state: not at safepoint (not fully initialized)

VM Mutex/Monitor currently owned by a thread:  ([mutex/lock_event])
[0x000001e38aec79f0] Heap_lock - owner thread: 0x000001e38aecbad0

Heap address: 0x0000000081600000, size: 2026 MB, Compressed Oops mode: 32-bit

CDS archive(s) mapped at: [0x0000000000000000-0x0000000000000000-0x0000000000000000), size 0, SharedBaseAddress: 0x0000000800000000, ArchiveRelocationMode: 0.
Narrow klass base: 0x0000000000000000, Narrow klass shift: 0, Narrow klass range: 0x0

GC Precious Log:
<Empty>

Heap:
 garbage-first heap   total 0K, used 0K [0x0000000081600000, 0x0000000100000000)
  region size 1024K, 0 young (0K), 0 survivors (0K)

[error occurred during error reporting (printing heap information), id 0xc0000005, EXCEPTION_ACCESS_VIOLATION (0xc0000005) at pc=0x00007ffe5c0c24ed]

GC Heap History (0 events):
No events

Deoptimization events (0 events):
No events

Classes unloaded (0 events):
No events

Classes redefined (0 events):
No events

Internal exceptions (0 events):
No events

Events (1 events):
Event: 0.013 Loaded shared library C:\Program Files\Java\jdk-16.0.1\bin\java.dll


Dynamic libraries:
0x00007ff744b40000 - 0x00007ff744b50000 	C:\Program Files\Java\jdk-16.0.1\bin\java.exe
0x00007ffe9c3b0000 - 0x00007ffe9c5a5000 	C:\WINDOWS\SYSTEM32\ntdll.dll
0x00007ffe9af20000 - 0x00007ffe9afdd000 	C:\WINDOWS\System32\KERNEL32.DLL
0x00007ffe99db0000 - 0x00007ffe9a078000 	C:\WINDOWS\System32\KERNELBASE.dll
0x00007ffe9a310000 - 0x00007ffe9a410000 	C:\WINDOWS\System32\ucrtbase.dll
0x00007ffe95140000 - 0x00007ffe95159000 	C:\Program Files\Java\jdk-16.0.1\bin\VCRUNTIME140.dll
0x00007ffe950c0000 - 0x00007ffe950d8000 	C:\Program Files\Java\jdk-16.0.1\bin\jli.dll
0x00007ffe9bfc0000 - 0x00007ffe9c06c000 	C:\WINDOWS\System32\ADVAPI32.dll
0x00007ffe9b000000 - 0x00007ffe9b09e000 	C:\WINDOWS\System32\msvcrt.dll
0x00007ffe9c2d0000 - 0x00007ffe9c36b000 	C:\WINDOWS\System32\sechost.dll
0x00007ffe9b5a0000 - 0x00007ffe9b6cb000 	C:\WINDOWS\System32\RPCRT4.dll
0x00007ffe9a6c0000 - 0x00007ffe9a860000 	C:\WINDOWS\System32\USER32.dll
0x00007ffe9a2e0000 - 0x00007ffe9a302000 	C:\WINDOWS\System32\win32u.dll
0x00007ffe85060000 - 0x00007ffe852fa000 	C:\WINDOWS\WinSxS\amd64_microsoft.windows.common-controls_6595b64144ccf1df_6.0.19041.844_none_ca00b6081b84eb1d\COMCTL32.dll
0x00007ffe9b6d0000 - 0x00007ffe9b6fa000 	C:\WINDOWS\System32\GDI32.dll
0x00007ffe99c50000 - 0x00007ffe99d5b000 	C:\WINDOWS\System32\gdi32full.dll
0x00007ffe9a240000 - 0x00007ffe9a2dd000 	C:\WINDOWS\System32\msvcp_win.dll
0x00007ffe8ad70000 - 0x00007ffe8ad7a000 	C:\WINDOWS\SYSTEM32\VERSION.dll
0x00007ffe9aef0000 - 0x00007ffe9af20000 	C:\WINDOWS\System32\IMM32.DLL
0x00007ffe95a00000 - 0x00007ffe95a0c000 	C:\Program Files\Java\jdk-16.0.1\bin\vcruntime140_1.dll
0x00007ffe7c460000 - 0x00007ffe7c4f1000 	C:\Program Files\Java\jdk-16.0.1\bin\msvcp140.dll
0x00007ffe5ba00000 - 0x00007ffe5c5ab000 	C:\Program Files\Java\jdk-16.0.1\bin\server\jvm.dll
0x00007ffe9a410000 - 0x00007ffe9a418000 	C:\WINDOWS\System32\PSAPI.DLL
0x00007ffe95170000 - 0x00007ffe95179000 	C:\WINDOWS\SYSTEM32\WSOCK32.dll
0x00007ffe9ae80000 - 0x00007ffe9aeeb000 	C:\WINDOWS\System32\WS2_32.dll
0x00007ffe899f0000 - 0x00007ffe89a17000 	C:\WINDOWS\SYSTEM32\WINMM.dll
0x00007ffe97a00000 - 0x00007ffe97a12000 	C:\WINDOWS\SYSTEM32\kernel.appcore.dll
0x00007ffe94f70000 - 0x00007ffe94f7a000 	C:\Program Files\Java\jdk-16.0.1\bin\jimage.dll
0x00007ffe84d00000 - 0x00007ffe84ee4000 	C:\WINDOWS\SYSTEM32\DBGHELP.DLL
0x00007ffe84660000 - 0x00007ffe8468c000 	C:\WINDOWS\SYSTEM32\dbgcore.DLL
0x00007ffe9a080000 - 0x00007ffe9a100000 	C:\WINDOWS\System32\bcryptPrimitives.dll
0x00007ffe94ce0000 - 0x00007ffe94cee000 	C:\Program Files\Java\jdk-16.0.1\bin\instrument.dll
0x00007ffe92470000 - 0x00007ffe92495000 	C:\Program Files\Java\jdk-16.0.1\bin\java.dll

dbghelp: loaded successfully - version: 4.0.5 - missing functions: none
symbol engine: initialized successfully - sym options: 0x614 - pdb path: .;C:\Program Files\Java\jdk-16.0.1\bin;C:\WINDOWS\SYSTEM32;C:\WINDOWS\WinSxS\amd64_microsoft.windows.common-controls_6595b64144ccf1df_6.0.19041.844_none_ca00b6081b84eb1d;C:\Program Files\Java\jdk-16.0.1\bin\server

VM Arguments:
jvm_args: -javaagent:C:\Program Files\JetBrains\IntelliJ IDEA Community Edition 2020.3.2\lib\idea_rt.jar=55746:C:\Program Files\JetBrains\IntelliJ IDEA Community Edition 2020.3.2\bin -Dfile.encoding=UTF-8 
java_command: Playlist.Main
java_class_path (initial): C:\Users\Adam\JavaProjects\JavaLearning\LinkedList\out\production\LinkedList
Launcher Type: SUN_STANDARD

[Global flags]
     intx CICompilerCount                          = 4                                         {product} {ergonomic}
     uint ConcGCThreads                            = 2                                         {product} {ergonomic}
     uint G1ConcRefinementThreads                  = 8                                         {product} {ergonomic}
   size_t G1HeapRegionSize                         = 1048576                                   {product} {ergonomic}
    uintx GCDrainStackTargetSize                   = 64                                        {product} {ergonomic}
   size_t InitialHeapSize                          = 134217728                                 {product} {ergonomic}
   size_t MarkStackSize                            = 4194304                                   {product} {ergonomic}
   size_t MaxHeapSize                              = 2124414976                                {product} {ergonomic}
   size_t MinHeapDeltaBytes                        = 1048576                                   {product} {ergonomic}
   size_t MinHeapSize                              = 8388608                                   {product} {ergonomic}
    uintx NonNMethodCodeHeapSize                   = 5839372                                {pd product} {ergonomic}
    uintx NonProfiledCodeHeapSize                  = 122909434                              {pd product} {ergonomic}
    uintx ProfiledCodeHeapSize                     = 122909434                              {pd product} {ergonomic}
    uintx ReservedCodeCacheSize                    = 251658240                              {pd product} {ergonomic}
     bool SegmentedCodeCache                       = true                                      {product} {ergonomic}
   size_t SoftMaxHeapSize                          = 2124414976                             {manageable} {ergonomic}
     bool UseCompressedClassPointers               = true                           {product lp64_product} {ergonomic}
     bool UseCompressedOops                        = true                           {product lp64_product} {ergonomic}
     bool UseG1GC                                  = true                                      {product} {ergonomic}
     bool UseLargePagesIndividualAllocation        = false                                  {pd product} {ergonomic}

Logging:
Log output configuration:
 #0: stdout all=warning uptime,level,tags
 #1: stderr all=off uptime,level,tags

Environment Variables:
PATH=C:\Program Files\Common Files\Oracle\Java\javapath;C:\Program Files (x86)\Common Files\Oracle\Java\javapath;C:\Program Files (x86)\NVIDIA Corporation\PhysX\Common;C:\app\Adam\product\18.0.0\dbhomeXE\bin;C:\Python27\;C:\Python27\Scripts;C:\WINDOWS\system32;C:\WINDOWS;C:\WINDOWS\System32\Wbem;C:\WINDOWS\System32\WindowsPowerShell\v1.0\;C:\WINDOWS\System32\OpenSSH\;C:\Program Files\TortoiseGit\bin;C:\Program Files\Git\cmd;C:\ProgramData\chocolatey\bin;C:\Program Files\Microsoft SQL Server\130\Tools\Binn\;C:\Program Files\PuTTY\;C:\xampp\php;C:\composer;C:\Program Files\dotnet\;C:\Program Files\Microsoft SQL Server\Client SDK\ODBC\170\Tools\Binn\;C:\Program Files (x86)\dotnet\;C:\Program Files\SourceGear\Common\DiffMerge\;C:\Program Files\nodejs\;C:\Users\Adam\AppData\Local\Microsoft\WindowsApps;C:\Users\Adam\AppData\Local\GitHubDesktop\bin;C:\Users\Adam\AppData\Roaming\Composer\vendor\bin;C:\Users\Adam\.dotnet\tools;C:\Users\Adam\AppData\Local\Programs\Microsoft VS Code\bin;C:\Users\Adam\.dotnet\tools;C:\Users\Adam\AppData\Local\Microsoft\WindowsApps;C:\Users\Adam\AppData\Roaming\npm
USERNAME=Adam
OS=Windows_NT
PROCESSOR_IDENTIFIER=Intel64 Family 6 Model 142 Stepping 10, GenuineIntel



---------------  S Y S T E M  ---------------

OS:
 Windows 10 , 64 bit Build 19041 (10.0.19041.928)
OS uptime: 24 days 9:48 hours
Hyper-V role detected

CPU: total 8 (initial active 8) (4 cores per cpu, 2 threads per core) family 6 model 142 stepping 10 microcode 0xb4, cx8, cmov, fxsr, ht, mmx, 3dnowpref, sse, sse2, sse3, ssse3, sse4.1, sse4.2, popcnt, lzcnt, tsc, tscinvbit, avx, avx2, aes, erms, clmul, bmi1, bmi2, adx, fma, vzeroupper, clflush, clflushopt, hv

Memory: 4k page, system-wide physical 8101M (1694M free)
TotalPageFile size 12197M (AvailPageFile size 5M)
current process WorkingSet (physical memory assigned to process): 10M, peak: 10M
current process commit charge ("private bytes"): 59M, peak: 60M

vm_info: Java HotSpot(TM) 64-Bit Server VM (16.0.1+9-24) for windows-amd64 JRE (16.0.1+9-24), built on Mar 26 2021 19:31:42 by "mach5one" with MS VC++ 16.7 (VS2019)

END.
