#
# There is insufficient memory for the Java Runtime Environment to continue.
# Native memory allocation (mmap) failed to map 134217728 bytes for G1 virtual space
# Possible reasons:
#   The system is out of physical RAM or swap space
#   The process is running with CompressedOops enabled, and the Java Heap may be blocking the growth of the native heap
# Possible solutions:
#   Reduce memory load on the system
#   Increase physical memory or swap space
#   Check if swap backing store is full
#   Decrease Java heap size (-Xmx/-Xms)
#   Decrease number of Java threads
#   Decrease Java thread stack sizes (-Xss)
#   Set larger code cache with -XX:ReservedCodeCacheSize=
#   JVM is running with Unscaled Compressed Oops mode in which the Java heap is
#     placed in the first 4GB address space. The Java Heap base address is the
#     maximum limit for the native heap growth. Please use -XX:HeapBaseMinAddress
#     to set the Java Heap base and to place the Java Heap above 4GB virtual address.
# This output file may be truncated or incomplete.
#
#  Out of Memory Error (os_windows.cpp:3466), pid=5168, tid=6628
#
# JRE version:  (16.0.1+9) (build )
# Java VM: Java HotSpot(TM) 64-Bit Server VM (16.0.1+9-24, mixed mode, sharing, tiered, compressed oops, compressed class ptrs, g1 gc, windows-amd64)
# No core dump will be written. Minidumps are not enabled by default on client versions of Windows
#

---------------  S U M M A R Y ------------

Command Line: -javaagent:C:\Program Files\JetBrains\IntelliJ IDEA Community Edition 2020.3.2\lib\idea_rt.jar=61096:C:\Program Files\JetBrains\IntelliJ IDEA Community Edition 2020.3.2\bin -Dfile.encoding=UTF-8 Button.Main

Host: Intel(R) Core(TM) i5-8250U CPU @ 1.60GHz, 8 cores, 7G,  Windows 10 , 64 bit Build 19041 (10.0.19041.1023)
Time: Thu Jul 15 20:23:50 2021 Közép-európai nyári iduild 19041 (10.0.19041.1023) elapsed time: 0.012966 seconds (0d 0h 0m 0s)

---------------  T H R E A D  ---------------

Current thread (0x000001f33e91a750):  JavaThread "Unknown thread" [_thread_in_vm, id=6628, stack(0x000000434ed00000,0x000000434ee00000)]

Stack: [0x000000434ed00000,0x000000434ee00000]
Native frames: (J=compiled Java code, j=interpreted, Vv=VM code, C=native code)
V  [jvm.dll+0x6687ca]
V  [jvm.dll+0x7ca3c9]
V  [jvm.dll+0x7cbb53]
V  [jvm.dll+0x7cc1b3]
V  [jvm.dll+0x242ea5]
V  [jvm.dll+0x665589]
V  [jvm.dll+0x65a175]
V  [jvm.dll+0x2fc5ab]
V  [jvm.dll+0x3037a6]
V  [jvm.dll+0x352fee]
V  [jvm.dll+0x35321f]
V  [jvm.dll+0x2d3618]
V  [jvm.dll+0x2d4854]
V  [jvm.dll+0x79ccb1]
V  [jvm.dll+0x360de1]
V  [jvm.dll+0x77a990]
V  [jvm.dll+0x3e55af]
V  [jvm.dll+0x3e7081]
C  [jli.dll+0x52fb]
C  [ucrtbase.dll+0x21bb2]
C  [KERNEL32.DLL+0x17034]
C  [ntdll.dll+0x52651]


---------------  P R O C E S S  ---------------

Threads class SMR info:
_java_thread_list=0x00007ff948aecbb8, length=0, elements={
}

Java Threads: ( => current thread )

Other Threads:
  0x000001f33e959fb0 GCTaskThread "GC Thread#0" [stack: 0x000000434ee00000,0x000000434ef00000] [id=11068]
  0x000001f33e96c150 ConcurrentGCThread "G1 Main Marker" [stack: 0x000000434ef00000,0x000000434f000000] [id=15056]
  0x000001f33e96cb50 ConcurrentGCThread "G1 Conc#0" [stack: 0x000000434f000000,0x000000434f100000] [id=15936]

[error occurred during error reporting (printing all threads), id 0xc0000005, EXCEPTION_ACCESS_VIOLATION (0xc0000005) at pc=0x00007ff9482c44d7]

VM state: not at safepoint (not fully initialized)

VM Mutex/Monitor currently owned by a thread:  ([mutex/lock_event])
[0x000001f33e916f30] Heap_lock - owner thread: 0x000001f33e91a750

Heap address: 0x0000000081600000, size: 2026 MB, Compressed Oops mode: 32-bit

CDS archive(s) mapped at: [0x0000000000000000-0x0000000000000000-0x0000000000000000), size 0, SharedBaseAddress: 0x0000000800000000, ArchiveRelocationMode: 0.
Narrow klass base: 0x0000000000000000, Narrow klass shift: 0, Narrow klass range: 0x0

GC Precious Log:
<Empty>

Heap:
 garbage-first heap   total 0K, used 0K [0x0000000081600000, 0x0000000100000000)
  region size 1024K, 0 young (0K), 0 survivors (0K)

[error occurred during error reporting (printing heap information), id 0xc0000005, EXCEPTION_ACCESS_VIOLATION (0xc0000005) at pc=0x00007ff9486a24ed]

GC Heap History (0 events):
No events

Deoptimization events (0 events):
No events

Classes unloaded (0 events):
No events

Classes redefined (0 events):
No events

Internal exceptions (0 events):
No events

Events (1 events):
Event: 0.008 Loaded shared library C:\Program Files\Java\jdk-16.0.1\bin\java.dll


Dynamic libraries:
0x00007ff65ee50000 - 0x00007ff65ee60000 	C:\Program Files\Java\jdk-16.0.1\bin\java.exe
0x00007ff983770000 - 0x00007ff983965000 	C:\WINDOWS\SYSTEM32\ntdll.dll
0x00007ff982ba0000 - 0x00007ff982c5d000 	C:\WINDOWS\System32\KERNEL32.DLL
0x00007ff981380000 - 0x00007ff981648000 	C:\WINDOWS\System32\KERNELBASE.dll
0x00007ff981150000 - 0x00007ff981250000 	C:\WINDOWS\System32\ucrtbase.dll
0x00007ff97ca90000 - 0x00007ff97caa9000 	C:\Program Files\Java\jdk-16.0.1\bin\VCRUNTIME140.dll
0x00007ff97cdd0000 - 0x00007ff97cde8000 	C:\Program Files\Java\jdk-16.0.1\bin\jli.dll
0x00007ff982f30000 - 0x00007ff982fdc000 	C:\WINDOWS\System32\ADVAPI32.dll
0x00007ff982e90000 - 0x00007ff982f2e000 	C:\WINDOWS\System32\msvcrt.dll
0x00007ff983690000 - 0x00007ff98372b000 	C:\WINDOWS\System32\sechost.dll
0x00007ff982d60000 - 0x00007ff982e8b000 	C:\WINDOWS\System32\RPCRT4.dll
0x00007ff983270000 - 0x00007ff983410000 	C:\WINDOWS\System32\USER32.dll
0x00007ff981010000 - 0x00007ff981032000 	C:\WINDOWS\System32\win32u.dll
0x00007ff96c060000 - 0x00007ff96c2fa000 	C:\WINDOWS\WinSxS\amd64_microsoft.windows.common-controls_6595b64144ccf1df_6.0.19041.1052_none_60b8f8fd71f5e8cb\COMCTL32.dll
0x00007ff982c60000 - 0x00007ff982c8a000 	C:\WINDOWS\System32\GDI32.dll
0x00007ff981040000 - 0x00007ff98114b000 	C:\WINDOWS\System32\gdi32full.dll
0x00007ff981250000 - 0x00007ff9812ed000 	C:\WINDOWS\System32\msvcp_win.dll
0x00007ff974ec0000 - 0x00007ff974eca000 	C:\WINDOWS\SYSTEM32\VERSION.dll
0x00007ff981f10000 - 0x00007ff981f40000 	C:\WINDOWS\System32\IMM32.DLL
0x00007ff97cd50000 - 0x00007ff97cd5c000 	C:\Program Files\Java\jdk-16.0.1\bin\vcruntime140_1.dll
0x00007ff9799c0000 - 0x00007ff979a51000 	C:\Program Files\Java\jdk-16.0.1\bin\msvcp140.dll
0x00007ff947fe0000 - 0x00007ff948b8b000 	C:\Program Files\Java\jdk-16.0.1\bin\server\jvm.dll
0x00007ff983260000 - 0x00007ff983268000 	C:\WINDOWS\System32\PSAPI.DLL
0x00007ff97cdf0000 - 0x00007ff97cdf9000 	C:\WINDOWS\SYSTEM32\WSOCK32.dll
0x00007ff971c00000 - 0x00007ff971c27000 	C:\WINDOWS\SYSTEM32\WINMM.dll
0x00007ff982fe0000 - 0x00007ff98304b000 	C:\WINDOWS\System32\WS2_32.dll
0x00007ff97edc0000 - 0x00007ff97edd2000 	C:\WINDOWS\SYSTEM32\kernel.appcore.dll
0x00007ff97ca60000 - 0x00007ff97ca6a000 	C:\Program Files\Java\jdk-16.0.1\bin\jimage.dll
0x00007ff966f80000 - 0x00007ff967164000 	C:\WINDOWS\SYSTEM32\DBGHELP.DLL
0x00007ff966350000 - 0x00007ff96637c000 	C:\WINDOWS\SYSTEM32\dbgcore.DLL
0x00007ff9812f0000 - 0x00007ff981373000 	C:\WINDOWS\System32\bcryptPrimitives.dll
0x00007ff97c380000 - 0x00007ff97c38e000 	C:\Program Files\Java\jdk-16.0.1\bin\instrument.dll
0x00007ff97ca30000 - 0x00007ff97ca55000 	C:\Program Files\Java\jdk-16.0.1\bin\java.dll

dbghelp: loaded successfully - version: 4.0.5 - missing functions: none
symbol engine: initialized successfully - sym options: 0x614 - pdb path: .;C:\Program Files\Java\jdk-16.0.1\bin;C:\WINDOWS\SYSTEM32;C:\WINDOWS\WinSxS\amd64_microsoft.windows.common-controls_6595b64144ccf1df_6.0.19041.1052_none_60b8f8fd71f5e8cb;C:\Program Files\Java\jdk-16.0.1\bin\server

VM Arguments:
jvm_args: -javaagent:C:\Program Files\JetBrains\IntelliJ IDEA Community Edition 2020.3.2\lib\idea_rt.jar=61096:C:\Program Files\JetBrains\IntelliJ IDEA Community Edition 2020.3.2\bin -Dfile.encoding=UTF-8 
java_command: Button.Main
java_class_path (initial): C:\Users\Adam\JavaProjects\JavaLearning\Inner classes\out\production\Inner classes
Launcher Type: SUN_STANDARD

[Global flags]
     intx CICompilerCount                          = 4                                         {product} {ergonomic}
     uint ConcGCThreads                            = 2                                         {product} {ergonomic}
     uint G1ConcRefinementThreads                  = 8                                         {product} {ergonomic}
   size_t G1HeapRegionSize                         = 1048576                                   {product} {ergonomic}
    uintx GCDrainStackTargetSize                   = 64                                        {product} {ergonomic}
   size_t InitialHeapSize                          = 134217728                                 {product} {ergonomic}
   size_t MarkStackSize                            = 4194304                                   {product} {ergonomic}
   size_t MaxHeapSize                              = 2124414976                                {product} {ergonomic}
   size_t MinHeapDeltaBytes                        = 1048576                                   {product} {ergonomic}
   size_t MinHeapSize                              = 8388608                                   {product} {ergonomic}
    uintx NonNMethodCodeHeapSize                   = 5839372                                {pd product} {ergonomic}
    uintx NonProfiledCodeHeapSize                  = 122909434                              {pd product} {ergonomic}
    uintx ProfiledCodeHeapSize                     = 122909434                              {pd product} {ergonomic}
    uintx ReservedCodeCacheSize                    = 251658240                              {pd product} {ergonomic}
     bool SegmentedCodeCache                       = true                                      {product} {ergonomic}
   size_t SoftMaxHeapSize                          = 2124414976                             {manageable} {ergonomic}
     bool UseCompressedClassPointers               = true                           {product lp64_product} {ergonomic}
     bool UseCompressedOops                        = true                           {product lp64_product} {ergonomic}
     bool UseG1GC                                  = true                                      {product} {ergonomic}
     bool UseLargePagesIndividualAllocation        = false                                  {pd product} {ergonomic}

Logging:
Log output configuration:
 #0: stdout all=warning uptime,level,tags
 #1: stderr all=off uptime,level,tags

Environment Variables:
PATH=C:\Program Files\Common Files\Oracle\Java\javapath;C:\Program Files (x86)\Common Files\Oracle\Java\javapath;C:\Program Files (x86)\NVIDIA Corporation\PhysX\Common;C:\app\Adam\product\18.0.0\dbhomeXE\bin;C:\Python27\;C:\Python27\Scripts;C:\WINDOWS\system32;C:\WINDOWS;C:\WINDOWS\System32\Wbem;C:\WINDOWS\System32\WindowsPowerShell\v1.0\;C:\WINDOWS\System32\OpenSSH\;C:\Program Files\TortoiseGit\bin;C:\Program Files\Git\cmd;C:\ProgramData\chocolatey\bin;C:\Program Files\Microsoft SQL Server\130\Tools\Binn\;C:\Program Files\PuTTY\;C:\xampp\php;C:\composer;C:\Program Files\dotnet\;C:\Program Files\Microsoft SQL Server\Client SDK\ODBC\170\Tools\Binn\;C:\Program Files (x86)\dotnet\;C:\Program Files\SourceGear\Common\DiffMerge\;C:\Program Files\nodejs\;C:\Users\Adam\AppData\Local\Microsoft\WindowsApps;C:\Users\Adam\AppData\Local\GitHubDesktop\bin;C:\Users\Adam\AppData\Roaming\Composer\vendor\bin;C:\Users\Adam\.dotnet\tools;C:\Users\Adam\AppData\Local\Programs\Microsoft VS Code\bin;C:\Users\Adam\.dotnet\tools;C:\Users\Adam\AppData\Local\Microsoft\WindowsApps;C:\Users\Adam\AppData\Roaming\npm
USERNAME=Adam
OS=Windows_NT
PROCESSOR_IDENTIFIER=Intel64 Family 6 Model 142 Stepping 10, GenuineIntel



---------------  S Y S T E M  ---------------

OS:
 Windows 10 , 64 bit Build 19041 (10.0.19041.1023)
OS uptime: 18 days 22:05 hours
Hyper-V role detected

CPU: total 8 (initial active 8) (4 cores per cpu, 2 threads per core) family 6 model 142 stepping 10 microcode 0xb4, cx8, cmov, fxsr, ht, mmx, 3dnowpref, sse, sse2, sse3, ssse3, sse4.1, sse4.2, popcnt, lzcnt, tsc, tscinvbit, avx, avx2, aes, erms, clmul, bmi1, bmi2, adx, fma, vzeroupper, clflush, clflushopt, hv

Memory: 4k page, system-wide physical 8101M (2043M free)
TotalPageFile size 12197M (AvailPageFile size 92M)
current process WorkingSet (physical memory assigned to process): 10M, peak: 10M
current process commit charge ("private bytes"): 60M, peak: 188M

vm_info: Java HotSpot(TM) 64-Bit Server VM (16.0.1+9-24) for windows-amd64 JRE (16.0.1+9-24), built on Mar 26 2021 19:31:42 by "mach5one" with MS VC++ 16.7 (VS2019)

END.
